# JRE version: Java(TM) SE Runtime Environment (19.0.2+7) (build 19.0.2+7-44)
# Java VM: Java HotSpot(TM) 64-Bit Server VM (19.0.2+7-44, mixed mode, sharing, tiered, compressed oops, compressed class ptrs, g1 gc, windows-amd64)
GC Precious Log:
 CardTable entry size: 512
 Card Set container configuration: InlinePtr #cards 5 size 8 Array Of Cards #cards 12 size 40 Howl #buckets 4 coarsen threshold 1843 Howl Bitmap #cards 512 size 80 coarsen threshold 460 Card regions per heap region 1 cards per card region 2048
 CPUs: 8 total, 8 available
 Memory: 7883M
 Large Page Support: Disabled
 NUMA Support: Disabled
 Compressed Oops: Enabled (32-bit)
 Heap Region Size: 1M
 Heap Min Capacity: 8M
 Heap Initial Capacity: 124M
 Heap Max Capacity: 1972M
 Pre-touch: Disabled
 Parallel Workers: 8
 Concurrent Workers: 2
 Concurrent Refinement Workers: 8
 Periodic GC: Disabled
Heap:
 garbage-first heap   total 92160K, used 49510K [0x0000000084c00000, 0x0000000100000000)
  region size 1024K, 32 young (32768K), 2 survivors (2048K)
 Metaspace       used 52308K, committed 52864K, reserved 1114112K
  class space    used 6907K, committed 7168K, reserved 1048576K
GC Heap History (20 events):
Event: 0.646 GC heap before
{Heap before GC invocations=0 (full 0):
 garbage-first heap   total 126976K, used 24576K [0x0000000084c00000, 0x0000000100000000)
  region size 1024K, 23 young (23552K), 0 survivors (0K)
 Metaspace       used 6582K, committed 6784K, reserved 1114112K
  class space    used 749K, committed 832K, reserved 1048576K
}
Event: 0.653 GC heap after
{Heap after GC invocations=1 (full 0):
 garbage-first heap   total 126976K, used 6688K [0x0000000084c00000, 0x0000000100000000)
  region size 1024K, 3 young (3072K), 3 survivors (3072K)
 Metaspace       used 6582K, committed 6784K, reserved 1114112K
  class space    used 749K, committed 832K, reserved 1048576K
}
Event: 1.024 GC heap before
{Heap before GC invocations=1 (full 0):
 garbage-first heap   total 126976K, used 35360K [0x0000000084c00000, 0x0000000100000000)
  region size 1024K, 32 young (32768K), 3 survivors (3072K)
 Metaspace       used 14318K, committed 14592K, reserved 1114112K
  class space    used 1677K, committed 1792K, reserved 1048576K
}
Event: 1.030 GC heap after
{Heap after GC invocations=2 (full 0):
 garbage-first heap   total 126976K, used 9086K [0x0000000084c00000, 0x0000000100000000)
  region size 1024K, 3 young (3072K), 3 survivors (3072K)
 Metaspace       used 14318K, committed 14592K, reserved 1114112K
  class space    used 1677K, committed 1792K, reserved 1048576K
}
Event: 1.788 GC heap before
{Heap before GC invocations=2 (full 0):
 garbage-first heap   total 126976K, used 49022K [0x0000000084c00000, 0x0000000100000000)
  region size 1024K, 44 young (45056K), 3 survivors (3072K)
 Metaspace       used 21148K, committed 21504K, reserved 1114112K
  class space    used 2513K, committed 2688K, reserved 1048576K
}
Event: 1.796 GC heap after
{Heap after GC invocations=3 (full 0):
 garbage-first heap   total 126976K, used 12648K [0x0000000084c00000, 0x0000000100000000)
  region size 1024K, 6 young (6144K), 6 survivors (6144K)
 Metaspace       used 21148K, committed 21504K, reserved 1114112K
  class space    used 2513K, committed 2688K, reserved 1048576K
}
Event: 2.292 GC heap before
{Heap before GC invocations=4 (full 0):
 garbage-first heap   total 48128K, used 35176K [0x0000000084c00000, 0x0000000100000000)
  region size 1024K, 28 young (28672K), 6 survivors (6144K)
 Metaspace       used 26149K, committed 26560K, reserved 1114112K
  class space    used 3180K, committed 3392K, reserved 1048576K
}
Event: 2.302 GC heap after
{Heap after GC invocations=5 (full 0):
 garbage-first heap   total 48128K, used 15066K [0x0000000084c00000, 0x0000000100000000)
  region size 1024K, 3 young (3072K), 3 survivors (3072K)
 Metaspace       used 26149K, committed 26560K, reserved 1114112K
  class space    used 3180K, committed 3392K, reserved 1048576K
}
Event: 2.323 GC heap before
{Heap before GC invocations=5 (full 0):
 garbage-first heap   total 48128K, used 16090K [0x0000000084c00000, 0x0000000100000000)
  region size 1024K, 4 young (4096K), 3 survivors (3072K)
 Metaspace       used 26350K, committed 26816K, reserved 1114112K
  class space    used 3204K, committed 3392K, reserved 1048576K
}
Event: 2.328 GC heap after
{Heap after GC invocations=6 (full 0):
 garbage-first heap   total 48128K, used 15740K [0x0000000084c00000, 0x0000000100000000)
  region size 1024K, 1 young (1024K), 1 survivors (1024K)
 Metaspace       used 26350K, committed 26816K, reserved 1114112K
  class space    used 3204K, committed 3392K, reserved 1048576K
}
Event: 2.650 GC heap before
{Heap before GC invocations=6 (full 0):
 garbage-first heap   total 48128K, used 33148K [0x0000000084c00000, 0x0000000100000000)
  region size 1024K, 19 young (19456K), 1 survivors (1024K)
 Metaspace       used 30101K, committed 30528K, reserved 1114112K
  class space    used 3703K, committed 3904K, reserved 1048576K
}
Event: 2.653 GC heap after
{Heap after GC invocations=7 (full 0):
 garbage-first heap   total 48128K, used 16732K [0x0000000084c00000, 0x0000000100000000)
  region size 1024K, 2 young (2048K), 2 survivors (2048K)
 Metaspace       used 30101K, committed 30528K, reserved 1114112K
  class space    used 3703K, committed 3904K, reserved 1048576K
}
Event: 2.995 GC heap before
{Heap before GC invocations=7 (full 0):
 garbage-first heap   total 48128K, used 32092K [0x0000000084c00000, 0x0000000100000000)
  region size 1024K, 19 young (19456K), 2 survivors (2048K)
 Metaspace       used 35453K, committed 35968K, reserved 1114112K
  class space    used 4484K, committed 4736K, reserved 1048576K
}
Event: 2.998 GC heap after
{Heap after GC invocations=8 (full 0):
 garbage-first heap   total 48128K, used 17807K [0x0000000084c00000, 0x0000000100000000)
  region size 1024K, 3 young (3072K), 3 survivors (3072K)
 Metaspace       used 35453K, committed 35968K, reserved 1114112K
  class space    used 4484K, committed 4736K, reserved 1048576K
}
Event: 3.361 GC heap before
{Heap before GC invocations=9 (full 0):
 garbage-first heap   total 48128K, used 35215K [0x0000000084c00000, 0x0000000100000000)
  region size 1024K, 21 young (21504K), 3 survivors (3072K)
 Metaspace       used 40740K, committed 41280K, reserved 1114112K
  class space    used 5120K, committed 5376K, reserved 1048576K
}
Event: 3.363 GC heap after
{Heap after GC invocations=10 (full 0):
 garbage-first heap   total 48128K, used 18852K [0x0000000084c00000, 0x0000000100000000)
  region size 1024K, 3 young (3072K), 3 survivors (3072K)
 Metaspace       used 40740K, committed 41280K, reserved 1114112K
  class space    used 5120K, committed 5376K, reserved 1048576K
}
Event: 3.386 GC heap before
{Heap before GC invocations=10 (full 0):
 garbage-first heap   total 48128K, used 19876K [0x0000000084c00000, 0x0000000100000000)
  region size 1024K, 4 young (4096K), 3 survivors (3072K)
 Metaspace       used 41025K, committed 41472K, reserved 1114112K
  class space    used 5162K, committed 5376K, reserved 1048576K
}
Event: 3.389 GC heap after
{Heap after GC invocations=11 (full 0):
 garbage-first heap   total 48128K, used 18945K [0x0000000084c00000, 0x0000000100000000)
  region size 1024K, 1 young (1024K), 1 survivors (1024K)
 Metaspace       used 41025K, committed 41472K, reserved 1114112K
  class space    used 5162K, committed 5376K, reserved 1048576K
}
Event: 3.711 GC heap before
{Heap before GC invocations=11 (full 0):
 garbage-first heap   total 48128K, used 35329K [0x0000000084c00000, 0x0000000100000000)
  region size 1024K, 18 young (18432K), 1 survivors (1024K)
 Metaspace       used 46271K, committed 46784K, reserved 1114112K
  class space    used 6025K, committed 6272K, reserved 1048576K
}
Event: 3.713 GC heap after
{Heap after GC invocations=12 (full 0):
 garbage-first heap   total 92160K, used 19814K [0x0000000084c00000, 0x0000000100000000)
  region size 1024K, 2 young (2048K), 2 survivors (2048K)
 Metaspace       used 46271K, committed 46784K, reserved 1114112K
  class space    used 6025K, committed 6272K, reserved 1048576K
}

